Added Component: Designator=CN1(CONN-TH_5P-P2.54_DIBO_DB2EVC-2.54-5P-GN)
Add component (AddParameter): Name = "Add into BOM"; Value = "yes"; VariantName = "[No Variations]"
Add component (AddParameter): Name = "Color"; Value = "绿色"; VariantName = "[No Variations]"
Add component (AddParameter): Name = "Connector Type"; Value = "板端/插座-闭口"; VariantName = "[No Variations]"
Add component (AddParameter): Name = "Contact Material"; Value = "铜合金"; VariantName = "[No Variations]"
Add component (AddParameter): Name = "Contact Plating"; Value = "锡"; VariantName = "[No Variations]"
Add component (AddParameter): Name = "Convert to PCB"; Value = "yes"; VariantName = "[No Variations]"
Add component (AddParameter): Name = "Current Rating (Max)"; Value = "5A"; VariantName = "[No Variations]"
Add component (AddParameter): Name = "Datasheet"; Value = "https://atta.szlcsc.com/upload/public/pdf/source/20211210/E15A577DC3E4D22CA3FDFA7356E87168.pdf"; VariantName = "[No Variations]"
Add component (AddParameter): Name = "Device"; Value = "DB2EVC-2.54-5P-GN"; VariantName = "[No Variations]"
Add component (AddParameter): Name = "JLCPCB Part Class"; Value = "Extended Part"; VariantName = "[No Variations]"
Add component (AddParameter): Name = "LCSC Part Name"; Value = "板端/插座-闭口 2.54mm 排数:1 每排P数:5 直针"; VariantName = "[No Variations]"
Add component (AddParameter): Name = "Manufacturer"; Value = "DIBO(地博电气)"; VariantName = "[No Variations]"
Add component (AddParameter): Name = "Manufacturer Part"; Value = "DB2EVC-2.54-5P-GN"; VariantName = "[No Variations]"
Add component (AddParameter): Name = "Mounting Style"; Value = "直针"; VariantName = "[No Variations]"
Add component (AddParameter): Name = "Name"; Value = "DB2EVC-2.54-5P-GN"; VariantName = "[No Variations]"
Add component (AddParameter): Name = "Number of PINs Per Row"; Value = "5"; VariantName = "[No Variations]"
Add component (AddParameter): Name = "Number of Rows"; Value = "1"; VariantName = "[No Variations]"
Add component (AddParameter): Name = "Operating Temperature Range"; Value = "-40℃~+105℃"; VariantName = "[No Variations]"
Add component (AddParameter): Name = "Pitch"; Value = "2.54mm"; VariantName = "[No Variations]"
Add component (AddParameter): Name = "Supplier"; Value = "LCSC"; VariantName = "[No Variations]"
Add component (AddParameter): Name = "Supplier Footprint"; Value = "直插,P=2.54mm"; VariantName = "[No Variations]"
Add component (AddParameter): Name = "Supplier Part"; Value = "C2927496"; VariantName = "[No Variations]"
Add component (AddParameter): Name = "Symbol"; Value = "DB2EVC-2.54-5P-GN"; VariantName = "[No Variations]"
Add component (AddParameter): Name = "Voltage Rating (Max)"; Value = "150V"; VariantName = "[No Variations]"
Added Pin To Net: NetName=+24V Pin=CN1-1
Added Pin To Net: NetName=24VGND Pin=CN1-2
Added Pin To Net: NetName=M_FG Pin=CN1-3
Added Pin To Net: NetName=OUT_M_CW/CCW Pin=CN1-4
Added Pin To Net: NetName=OUT_M_PWM Pin=CN1-5
Added Member To Class: ClassName=直流无刷电机V2.0 Member=Component CN1 DB2EVC-2.54-5P-GN
Added Member To Class: ClassName=直流无刷电机V2.0 Member=Component R1 ERJPB6B1001V
Added Room: Name=直流无刷电机V2.0
