Removed Pin From Net: NetName=IN_Relay Pin=P4-1
Removed Pin From Net: NetName=IN_Relay Pin=P4-1
Removed Pin From Net: NetName=In_Voltage Pin=P4-2
Removed Pin From Net: NetName=In_Voltage Pin=P4-2
Removed Pin From Net: NetName=24VGND Pin=P4-3
Removed Pin From Net: NetName=24VGND Pin=P4-3
Removed Pin From Net: NetName=24VGND Pin=P4-3
Removed Pin From Net: NetName=24VGND Pin=P4-3
Removed Pin From Net: NetName=+24V Pin=P4-4
Removed Pin From Net: NetName=+24V Pin=P4-4
Added Component: Designator=P2(CONN-TH_XY340V-3.81-3P)
Add component (AddParameter): Name = "LatestRevisionDate"; Value = "17-Jul-2002"; VariantName = "[No Variations]"
Add component (AddParameter): Name = "LatestRevisionNote"; Value = "Re-released for DXP Platform."; VariantName = "[No Variations]"
Add component (AddParameter): Name = "Publisher"; Value = "Altium Limited"; VariantName = "[No Variations]"
Added Pin To Net: NetName=+24V Pin=P2-1
Added Pin To Net: NetName=+24V Pin=P2-1
Added Pin To Net: NetName=24VGND Pin=P2-2
Added Pin To Net: NetName=24VGND Pin=P2-2
Added Pin To Net: NetName=IN_Relay Pin=P2-3
Added Pin To Net: NetName=IN_Relay Pin=P2-3
Added Pin To Net: NetName=IN_Relay Pin=P2-3
Added Pin To Net: NetName=IN_Relay Pin=P2-3
Added Pin To Net: NetName=+24V Pin=P4-1
Added Pin To Net: NetName=+24V Pin=P4-1
Added Pin To Net: NetName=24VGND Pin=P4-2
Added Pin To Net: NetName=24VGND Pin=P4-2
Added Pin To Net: NetName=In_Voltage Pin=P4-3
Added Pin To Net: NetName=In_Voltage Pin=P4-3
Added Pin To Net: NetName=In_Voltage Pin=P4-3
Added Pin To Net: NetName=In_Voltage Pin=P4-3
Added Pin To Net: NetName=IN_Relay Pin=P4-4
Added Pin To Net: NetName=IN_Relay Pin=P4-4
Added Member To Class: ClassName=直流无刷电机V2.0 Member=Component P2 Header 3
Added Member To Class: ClassName=直流无刷电机V2.0 Member=Component U2 PC817C_C2936043
Added Room: Name=直流无刷电机V2.0
