Removed Pin From Net: NetName=GND Pin=C1-1
Removed Pin From Net: NetName=3V3 Pin=C1-2
Removed Pin From Net: NetName=3V3 Pin=C2-1
Removed Pin From Net: NetName=GND Pin=C2-2
Removed Pin From Net: NetName=+5V Pin=C3-1
Removed Pin From Net: NetName=+5V Pin=C4-1
Removed Pin From Net: NetName=5VGND Pin=C4-2
Removed Pin From Net: NetName=GND Pin=C8-1
Removed Pin From Net: NetName=GND Pin=C9-1
Removed Pin From Net: NetName=5VGND Pin=C10-1
Removed Pin From Net: NetName=+5V Pin=C10-2
Removed Pin From Net: NetName=GND Pin=C11-1
Removed Pin From Net: NetName=3V3 Pin=C11-2
Removed Pin From Net: NetName=GND Pin=C12-1
Removed Pin From Net: NetName=3V3 Pin=C12-2
Removed Pin From Net: NetName=GND Pin=C13-1
Removed Pin From Net: NetName=3V3 Pin=C13-2
Removed Pin From Net: NetName=GND Pin=C14-1
Removed Pin From Net: NetName=3V3 Pin=C14-2
Removed Pin From Net: NetName=GND Pin=C15-1
Removed Pin From Net: NetName=3V3 Pin=H5-1
Removed Pin From Net: NetName=JTMS Pin=H5-2
Removed Pin From Net: NetName=JTCK Pin=H5-3
Removed Pin From Net: NetName=GND Pin=H5-4
Removed Pin From Net: NetName=+5V Pin=R7-2
Removed Pin From Net: NetName=OUT_M_CW/CCW Pin=R10-1
Removed Pin From Net: NetName=+5V Pin=R10-2
Removed Pin From Net: NetName=3V3 Pin=R14-2
Removed Pin From Net: NetName=3V3 Pin=R15-2
Removed Pin From Net: NetName=+5V Pin=R17-2
Removed Pin From Net: NetName=OUT_M_PWM Pin=R18-1
Removed Pin From Net: NetName=+5V Pin=R18-2
Removed Pin From Net: NetName=3V3 Pin=R20-2
Removed Pin From Net: NetName=5VGND Pin=R21-1
Removed Pin From Net: NetName=GND Pin=R21-2
Removed Pin From Net: NetName=GND Pin=U1-1
Removed Pin From Net: NetName=3V3 Pin=U1-2
Removed Pin From Net: NetName=+5V Pin=U1-3
Removed Pin From Net: NetName=3V3 Pin=U1-4
Removed Pin From Net: NetName=5VGND Pin=U3-3
Removed Pin From Net: NetName=+5V Pin=U4-4
Removed Pin From Net: NetName=GND Pin=U5-8
Removed Pin From Net: NetName=3V3 Pin=U5-9
Removed Pin From Net: NetName=ADC_IN Pin=U5-10
Removed Pin From Net: NetName=ON/OFF Pin=U5-11
Removed Pin From Net: NetName=LED1 Pin=U5-14
Removed Pin From Net: NetName=M_PWM Pin=U5-16
Removed Pin From Net: NetName=GND Pin=U5-20
Removed Pin From Net: NetName=KEY2 Pin=U5-21
Removed Pin From Net: NetName=KEY1 Pin=U5-22
Removed Pin From Net: NetName=GND Pin=U5-23
Removed Pin From Net: NetName=3V3 Pin=U5-24
Removed Pin From Net: NetName=JTMS Pin=U5-34
Removed Pin From Net: NetName=GND Pin=U5-35
Removed Pin From Net: NetName=3V3 Pin=U5-36
Removed Pin From Net: NetName=JTCK Pin=U5-37
Removed Pin From Net: NetName=M_CW/CCW Pin=U5-39
Removed Pin From Net: NetName=M_FG_IN Pin=U5-42
Removed Pin From Net: NetName=GND Pin=U5-44
Removed Pin From Net: NetName=GND Pin=U5-47
Removed Pin From Net: NetName=3V3 Pin=U5-48
Removed Pin From Net: NetName=5VGND Pin=U7-5
Removed Pin From Net: NetName=+5V Pin=U7-8
Removed Member From Class: ClassName=直流无刷电机V2.0 Member=C8
Removed Member From Class: ClassName=直流无刷电机V2.0 Member=C9
Removed Member From Class: ClassName=直流无刷电机V2.0 Member=C10
Removed Member From Class: ClassName=直流无刷电机V2.0 Member=C11
Removed Member From Class: ClassName=直流无刷电机V2.0 Member=C12
Removed Member From Class: ClassName=直流无刷电机V2.0 Member=C13
Removed Member From Class: ClassName=直流无刷电机V2.0 Member=C14
Removed Member From Class: ClassName=直流无刷电机V2.0 Member=C15
Removed Member From Class: ClassName=直流无刷电机V2.0 Member=H5
Removed Member From Class: ClassName=直流无刷电机V2.0 Member=R10
Removed Member From Class: ClassName=直流无刷电机V2.0 Member=R17
Removed Member From Class: ClassName=直流无刷电机V2.0 Member=R18
Removed Member From Class: ClassName=直流无刷电机V2.0 Member=R20
Removed Member From Class: ClassName=直流无刷电机V2.0 Member=R21
Removed Member From Class: ClassName=直流无刷电机V2.0 Member=U5
Change Component Footprint: Designator=C2 Old Footprint=CAP-SMD_BD6.3-L6.6-W6.6-FD New Footprint=C0805
Change Component Footprint: Designator=C4 Old Footprint=CAP-SMD_BD6.3-L6.6-W6.6-FD New Footprint=C0805
Change Component Footprint: Designator=U1 Old Footprint=SOT-223-3_L6.5-W3.4-P2.30-LS7.0-BR New Footprint=TSSOP-20_L6.5-W4.4-P0.65-LS6.4-BL
Change Component Comment : Designator=C1 Old Comment=0805B104K500NT New Comment=104
Change Component Comment : Designator=C3 Old Comment=0805B104K500NT New Comment=104
Change Component Comment : Designator=U1 Old Comment=LM1117S-3.3 New Comment=STM8S003F3P6
Change Component Comment : Designator=C2 Old Comment=RVT1A471M0607_C335982 New Comment=0805CG200J500NT
Change Component Comment : Designator=C4 Old Comment=RVT1A471M0607_C335982 New Comment=0805CG200J500NT
Change component parameters: Designator = "R6" ("R6"); Footprint = "R0805"; UniqueID = "\JVICOWMW" ("\JVICOWMW")
Change component parameters (AddParameter): Name = "Add into BOM"; Value = "yes"; VariantName = "[No Variations]"
Change component parameters (AddParameter): Name = "Convert to PCB"; Value = "yes"; VariantName = "[No Variations]"
Change component parameters (AddParameter): Name = "Datasheet"; Value = "https://atta.szlcsc.com/upload/public/pdf/source/20190821/C413712_16C6B59B4DECA51D4907C6F5D5BAEAA8.pdf"; VariantName = "[No Variations]"
Change component parameters (AddParameter): Name = "Device"; Value = "ERJPB6B1001V"; VariantName = "[No Variations]"
Change component parameters (AddParameter): Name = "JLCPCB Part Class"; Value = "Extended Part"; VariantName = "[No Variations]"
Change component parameters (AddParameter): Name = "LCSC Part Name"; Value = "2k"; VariantName = "[No Variations]"
Change component parameters (AddParameter): Name = "Manufacturer"; Value = "PANASONIC(松下)"; VariantName = "[No Variations]"
Change component parameters (AddParameter): Name = "Manufacturer Part"; Value = "ERJPB6B1001V"; VariantName = "[No Variations]"
Change component parameters (AddParameter): Name = "Name"; Value = "ERJPB6B1001V"; VariantName = "[No Variations]"
Change component parameters (AddParameter): Name = "Supplier"; Value = "LCSC"; VariantName = "[No Variations]"
Change component parameters (AddParameter): Name = "Supplier Footprint"; Value = "0805"; VariantName = "[No Variations]"
Change component parameters (AddParameter): Name = "Supplier Part"; Value = "C413712"; VariantName = "[No Variations]"
Change component parameters (AddParameter): Name = "Symbol"; Value = "ERJPB6B1001V"; VariantName = "[No Variations]"
Change component parameters: Designator = "R14" ("R14"); Footprint = "R0805"; UniqueID = "\KWAZBTBS" ("\KWAZBTBS")
Change component parameters (AddParameter): Name = "Add into BOM"; Value = "yes"; VariantName = "[No Variations]"
Change component parameters (AddParameter): Name = "Convert to PCB"; Value = "yes"; VariantName = "[No Variations]"
Change component parameters (AddParameter): Name = "Datasheet"; Value = "https://atta.szlcsc.com/upload/public/pdf/source/20170920/C17630_1505887171175979988.pdf"; VariantName = "[No Variations]"
Change component parameters (AddParameter): Name = "Device"; Value = "0805W8F3300T5E"; VariantName = "[No Variations]"
Change component parameters (AddParameter): Name = "JLCPCB Part Class"; Value = "Basic Part"; VariantName = "[No Variations]"
Change component parameters (AddParameter): Name = "LCSC Part Name"; Value = "620R"; VariantName = "[No Variations]"
Change component parameters (AddParameter): Name = "Manufacturer"; Value = "UNI-ROYAL(厚声)"; VariantName = "[No Variations]"
Change component parameters (AddParameter): Name = "Manufacturer Part"; Value = "0805W8F3300T5E"; VariantName = "[No Variations]"
Change component parameters (AddParameter): Name = "Name"; Value = "0805W8F3300T5E"; VariantName = "[No Variations]"
Change component parameters (AddParameter): Name = "Supplier"; Value = "LCSC"; VariantName = "[No Variations]"
Change component parameters (AddParameter): Name = "Supplier Footprint"; Value = "0805"; VariantName = "[No Variations]"
Change component parameters (AddParameter): Name = "Supplier Part"; Value = "C17630"; VariantName = "[No Variations]"
Change component parameters (AddParameter): Name = "Symbol"; Value = "0805W8F3300T5E"; VariantName = "[No Variations]"
Change component parameters: Designator = "C1" ("C1"); Footprint = "C0805"; UniqueID = "\SXTXHDDX" ("\SXTXHDDX")
Change component parameters: Designator = "C3" ("C3"); Footprint = "C0805"; UniqueID = "\AVMXBVLP" ("\AVMXBVLP")
Change component parameters: Designator = "U1" ("U1"); Footprint = "SOT-223-3_L6.5-W3.4-P2.30-LS7.0-BR"; UniqueID = "\RITHUYYT" ("\RITHUYYT")
Change component parameters (AddParameter): Name = "Add into BOM"; Value = "yes"; VariantName = "[No Variations]"
Change component parameters (AddParameter): Name = "Convert to PCB"; Value = "yes"; VariantName = "[No Variations]"
Change component parameters (AddParameter): Name = "Datasheet"; Value = "https://atta.szlcsc.com/upload/public/pdf/source/20130903/1457706644298.pdf"; VariantName = "[No Variations]"
Change component parameters (AddParameter): Name = "Device"; Value = "STM8S003F3P6"; VariantName = "[No Variations]"
Change component parameters (AddParameter): Name = "JLCPCB Part Class"; Value = "Extended Part"; VariantName = "[No Variations]"
Change component parameters (AddParameter): Name = "LCSC Part Name"; Value = "STM8S003F3P6"; VariantName = "[No Variations]"
Change component parameters (AddParameter): Name = "Manufacturer"; Value = "ST(意法半导体)"; VariantName = "[No Variations]"
Change component parameters (AddParameter): Name = "Manufacturer Part"; Value = "STM8S003F3P6"; VariantName = "[No Variations]"
Change component parameters (AddParameter): Name = "Name"; Value = "STM8S003F3P6"; VariantName = "[No Variations]"
Change component parameters (AddParameter): Name = "Supplier"; Value = "LCSC"; VariantName = "[No Variations]"
Change component parameters (AddParameter): Name = "Supplier Footprint"; Value = "TSSOP-20"; VariantName = "[No Variations]"
Change component parameters (AddParameter): Name = "Supplier Part"; Value = "C18615"; VariantName = "[No Variations]"
Change component parameters (AddParameter): Name = "Symbol"; Value = "STM8S003F3P6"; VariantName = "[No Variations]"
Change component parameters: Designator = "C2" ("C2"); Footprint = "CAP-SMD_BD6.3-L6.6-W6.6-FD"; UniqueID = "\QSVQVJXE" ("\QSVQVJXE")
Change component parameters (AddParameter): Name = "Add into BOM"; Value = "yes"; VariantName = "[No Variations]"
Change component parameters (AddParameter): Name = "Convert to PCB"; Value = "yes"; VariantName = "[No Variations]"
Change component parameters (AddParameter): Name = "Datasheet"; Value = "https://atta.szlcsc.com/upload/public/pdf/source/20170923/C94472_1506149578159988997.pdf"; VariantName = "[No Variations]"
Change component parameters (AddParameter): Name = "Device"; Value = "0805CG200J500NT"; VariantName = "[No Variations]"
Change component parameters (AddParameter): Name = "JLCPCB Part Class"; Value = "Extended Part"; VariantName = "[No Variations]"
Change component parameters (AddParameter): Name = "LCSC Part Name"; Value = "20pF(200) ±5% 50V"; VariantName = "[No Variations]"
Change component parameters (AddParameter): Name = "Manufacturer"; Value = "FH(风华)"; VariantName = "[No Variations]"
Change component parameters (AddParameter): Name = "Manufacturer Part"; Value = "0805CG200J500NT"; VariantName = "[No Variations]"
Change component parameters (AddParameter): Name = "Name"; Value = "20pF"; VariantName = "[No Variations]"
Change component parameters (AddParameter): Name = "Supplier"; Value = "LCSC"; VariantName = "[No Variations]"
Change component parameters (AddParameter): Name = "Supplier Footprint"; Value = "0805"; VariantName = "[No Variations]"
Change component parameters (AddParameter): Name = "Supplier Part"; Value = "C94472"; VariantName = "[No Variations]"
Change component parameters (AddParameter): Name = "Symbol"; Value = "0805CG200J500NT"; VariantName = "[No Variations]"
Change component parameters (AddParameter): Name = "Temperature Coefficient"; Value = "C0G"; VariantName = "[No Variations]"
Change component parameters (AddParameter): Name = "Tolerance"; Value = "±5%"; VariantName = "[No Variations]"
Change component parameters (AddParameter): Name = "Value"; Value = "20pF"; VariantName = "[No Variations]"
Change component parameters (AddParameter): Name = "Voltage Rated"; Value = "50V"; VariantName = "[No Variations]"
Change component parameters: Designator = "C4" ("C4"); Footprint = "CAP-SMD_BD6.3-L6.6-W6.6-FD"; UniqueID = "\LBGQMOQC" ("\LBGQMOQC")
Change component parameters (AddParameter): Name = "Add into BOM"; Value = "yes"; VariantName = "[No Variations]"
Change component parameters (AddParameter): Name = "Convert to PCB"; Value = "yes"; VariantName = "[No Variations]"
Change component parameters (AddParameter): Name = "Datasheet"; Value = "https://atta.szlcsc.com/upload/public/pdf/source/20170923/C94472_1506149578159988997.pdf"; VariantName = "[No Variations]"
Change component parameters (AddParameter): Name = "Device"; Value = "0805CG200J500NT"; VariantName = "[No Variations]"
Change component parameters (AddParameter): Name = "JLCPCB Part Class"; Value = "Extended Part"; VariantName = "[No Variations]"
Change component parameters (AddParameter): Name = "LCSC Part Name"; Value = "20pF(200) ±5% 50V"; VariantName = "[No Variations]"
Change component parameters (AddParameter): Name = "Manufacturer"; Value = "FH(风华)"; VariantName = "[No Variations]"
Change component parameters (AddParameter): Name = "Manufacturer Part"; Value = "0805CG200J500NT"; VariantName = "[No Variations]"
Change component parameters (AddParameter): Name = "Name"; Value = "20pF"; VariantName = "[No Variations]"
Change component parameters (AddParameter): Name = "Supplier"; Value = "LCSC"; VariantName = "[No Variations]"
Change component parameters (AddParameter): Name = "Supplier Footprint"; Value = "0805"; VariantName = "[No Variations]"
Change component parameters (AddParameter): Name = "Supplier Part"; Value = "C94472"; VariantName = "[No Variations]"
Change component parameters (AddParameter): Name = "Symbol"; Value = "0805CG200J500NT"; VariantName = "[No Variations]"
Change component parameters (AddParameter): Name = "Temperature Coefficient"; Value = "C0G"; VariantName = "[No Variations]"
Change component parameters (AddParameter): Name = "Tolerance"; Value = "±5%"; VariantName = "[No Variations]"
Change component parameters (AddParameter): Name = "Value"; Value = "20pF"; VariantName = "[No Variations]"
Change component parameters (AddParameter): Name = "Voltage Rated"; Value = "50V"; VariantName = "[No Variations]"
Added Component: Designator=C5(C0805)
Added Component: Designator=P1(HDR1X4)
Add component (AddParameter): Name = "LatestRevisionDate"; Value = "17-Jul-2002"; VariantName = "[No Variations]"
Add component (AddParameter): Name = "LatestRevisionNote"; Value = "Re-released for DXP Platform."; VariantName = "[No Variations]"
Add component (AddParameter): Name = "Publisher"; Value = "Altium Limited"; VariantName = "[No Variations]"
Added Component: Designator=R1(R0805)
Add component (AddParameter): Name = "Add into BOM"; Value = "yes"; VariantName = "[No Variations]"
Add component (AddParameter): Name = "Convert to PCB"; Value = "yes"; VariantName = "[No Variations]"
Add component (AddParameter): Name = "Datasheet"; Value = "https://atta.szlcsc.com/upload/public/pdf/source/20170920/C17630_1505887171175979988.pdf"; VariantName = "[No Variations]"
Add component (AddParameter): Name = "Device"; Value = "0805W8F3300T5E"; VariantName = "[No Variations]"
Add component (AddParameter): Name = "JLCPCB Part Class"; Value = "Basic Part"; VariantName = "[No Variations]"
Add component (AddParameter): Name = "LCSC Part Name"; Value = "2.4K"; VariantName = "[No Variations]"
Add component (AddParameter): Name = "Manufacturer"; Value = "UNI-ROYAL(厚声)"; VariantName = "[No Variations]"
Add component (AddParameter): Name = "Manufacturer Part"; Value = "0805W8F3300T5E"; VariantName = "[No Variations]"
Add component (AddParameter): Name = "Name"; Value = "0805W8F3300T5E"; VariantName = "[No Variations]"
Add component (AddParameter): Name = "Supplier"; Value = "LCSC"; VariantName = "[No Variations]"
Add component (AddParameter): Name = "Supplier Footprint"; Value = "0805"; VariantName = "[No Variations]"
Add component (AddParameter): Name = "Supplier Part"; Value = "C17630"; VariantName = "[No Variations]"
Add component (AddParameter): Name = "Symbol"; Value = "0805W8F3300T5E"; VariantName = "[No Variations]"
Added Component: Designator=R2(R0805)
Added Component: Designator=R3(R0805)
Added Pin To Net: NetName=ADC_IN Pin=C1-1
Added Pin To Net: NetName=5VGND Pin=C1-2
Added Pin To Net: NetName=GND Pin=C2-1
Added Pin To Net: NetName=KEY1 Pin=C2-2
Added Pin To Net: NetName=KEY2 Pin=C3-1
Added Pin To Net: NetName=GND Pin=C4-1
Added Pin To Net: NetName=JTMS Pin=C4-2
Added Pin To Net: NetName=5VGND Pin=C5-1
Added Pin To Net: NetName=JTCK Pin=C5-2
Added Pin To Net: NetName=KEY2 Pin=P1-1
Added Pin To Net: NetName=+5V Pin=P1-2
Added Pin To Net: NetName=5VGND Pin=P1-3
Added Pin To Net: NetName=ADC_IN Pin=P1-4
Added Pin To Net: NetName=24VGND Pin=R1-1
Added Pin To Net: NetName=+24V Pin=R1-2
Added Pin To Net: NetName=KEY2 Pin=R2-1
Added Pin To Net: NetName=ADC_IN Pin=R2-2
Added Pin To Net: NetName=+5V Pin=R3-1
Added Pin To Net: NetName=KEY2 Pin=R3-2
Added Pin To Net: NetName=+24V Pin=R7-2
Added Pin To Net: NetName=24VGND Pin=R14-2
Added Pin To Net: NetName=KEY2 Pin=R15-2
Added Pin To Net: NetName=LED1 Pin=U1-1
Added Pin To Net: NetName=ON/OFF Pin=U1-2
Added Pin To Net: NetName=M_CW/CCW Pin=U1-3
Added Pin To Net: NetName=ADC_IN Pin=U1-4
Added Pin To Net: NetName=KEY1 Pin=U1-5
Added Pin To Net: NetName=JTMS Pin=U1-6
Added Pin To Net: NetName=5VGND Pin=U1-7
Added Pin To Net: NetName=JTCK Pin=U1-8
Added Pin To Net: NetName=KEY2 Pin=U1-9
Added Pin To Net: NetName=M_PWM Pin=U1-14
Added Pin To Net: NetName=+5V Pin=U1-18
Added Pin To Net: NetName=M_FG_IN Pin=U1-20
Added Pin To Net: NetName=24VGND Pin=U3-3
Added Pin To Net: NetName=3V3 Pin=U4-4
Added Pin To Net: NetName=24VGND Pin=U7-5
Added Pin To Net: NetName=JTMS Pin=X1-1
Added Pin To Net: NetName=KEY1 Pin=X1-2
Change Net Name : Old Net Name=+5V New Net Name=SWIM
Change Net Name : Old Net Name=3V3 New Net Name=+5V
Change Net Name : Old Net Name=ADC_IN New Net Name=NRST
Change Net Name : Old Net Name=JTCK New Net Name=NetC5_2
Change Net Name : Old Net Name=JTMS New Net Name=NetC4_2
Change Net Name : Old Net Name=KEY1 New Net Name=NetC2_2
Change Net Name : Old Net Name=KEY2 New Net Name=5V
Added Member To Class: ClassName=直流无刷电机V2.0 Member=Component C5 105
Added Member To Class: ClassName=直流无刷电机V2.0 Member=Component P1 Header 4
Added Member To Class: ClassName=直流无刷电机V2.0 Member=Component R1 0805W8F3300T5E
Added Member To Class: ClassName=直流无刷电机V2.0 Member=Component R2 10K
Added Member To Class: ClassName=直流无刷电机V2.0 Member=Component R3 10K
Added Room: Name=直流无刷电机V2.0
